2024-11-25 13:14:39.3027|DEBUG|ShippingService.Program|init main
2024-11-25 13:14:39.8512|DEBUG|Microsoft.AspNetCore.Mvc.ModelBinding.ModelBinderFactory|Registered model binder providers, in the following order: Microsoft.AspNetCore.Mvc.ModelBinding.Binders.BinderTypeModelBinderProvider, Microsoft.AspNetCore.Mvc.ModelBinding.Binders.ServicesModelBinderProvider, Microsoft.AspNetCore.Mvc.ModelBinding.Binders.BodyModelBinderProvider, Microsoft.AspNetCore.Mvc.ModelBinding.Binders.HeaderModelBinderProvider, Microsoft.AspNetCore.Mvc.ModelBinding.Binders.FloatingPointTypeModelBinderProvider, Microsoft.AspNetCore.Mvc.ModelBinding.Binders.EnumTypeModelBinderProvider, Microsoft.AspNetCore.Mvc.ModelBinding.Binders.DateTimeModelBinderProvider, Microsoft.AspNetCore.Mvc.ModelBinding.Binders.SimpleTypeModelBinderProvider, Microsoft.AspNetCore.Mvc.ModelBinding.Binders.TryParseModelBinderProvider, Microsoft.AspNetCore.Mvc.ModelBinding.Binders.CancellationTokenModelBinderProvider, Microsoft.AspNetCore.Mvc.ModelBinding.Binders.ByteArrayModelBinderProvider, Microsoft.AspNetCore.Mvc.ModelBinding.Binders.FormFileModelBinderProvider, Microsoft.AspNetCore.Mvc.ModelBinding.Binders.FormCollectionModelBinderProvider, Microsoft.AspNetCore.Mvc.ModelBinding.Binders.KeyValuePairModelBinderProvider, Microsoft.AspNetCore.Mvc.ModelBinding.Binders.DictionaryModelBinderProvider, Microsoft.AspNetCore.Mvc.ModelBinding.Binders.ArrayModelBinderProvider, Microsoft.AspNetCore.Mvc.ModelBinding.Binders.CollectionModelBinderProvider, Microsoft.AspNetCore.Mvc.ModelBinding.Binders.ComplexObjectModelBinderProvider
2024-11-25 13:14:39.8974|DEBUG|Microsoft.Extensions.Hosting.Internal.Host|Hosting starting
2024-11-25 13:14:40.0253|INFO|Microsoft.Hosting.Lifetime|Now listening on: http://localhost:5091
2024-11-25 13:14:40.0327|DEBUG|Microsoft.AspNetCore.Hosting.Diagnostics|Loaded hosting startup assembly ShippingService
2024-11-25 13:14:40.0331|INFO|Microsoft.Hosting.Lifetime|Application started. Press Ctrl+C to shut down.
2024-11-25 13:14:40.0340|INFO|Microsoft.Hosting.Lifetime|Hosting environment: Development
2024-11-25 13:14:40.0340|INFO|Microsoft.Hosting.Lifetime|Content root path: /Users/Mel/4sem/HaaVSoftware/ShippingService
2024-11-25 13:14:40.0340|DEBUG|Microsoft.Extensions.Hosting.Internal.Host|Hosting started
2024-11-25 13:18:19.4302|INFO|Microsoft.Hosting.Lifetime|Application is shutting down...
2024-11-25 13:18:19.4315|DEBUG|Microsoft.Extensions.Hosting.Internal.Host|Hosting stopping
2024-11-25 13:18:19.4494|DEBUG|Microsoft.Extensions.Hosting.Internal.Host|Hosting stopped
2024-11-26 08:49:33.5238|DEBUG|ShippingService.Program|init main
2024-11-26 08:49:33.8360|DEBUG|Microsoft.AspNetCore.Mvc.ModelBinding.ModelBinderFactory|Registered model binder providers, in the following order: Microsoft.AspNetCore.Mvc.ModelBinding.Binders.BinderTypeModelBinderProvider, Microsoft.AspNetCore.Mvc.ModelBinding.Binders.ServicesModelBinderProvider, Microsoft.AspNetCore.Mvc.ModelBinding.Binders.BodyModelBinderProvider, Microsoft.AspNetCore.Mvc.ModelBinding.Binders.HeaderModelBinderProvider, Microsoft.AspNetCore.Mvc.ModelBinding.Binders.FloatingPointTypeModelBinderProvider, Microsoft.AspNetCore.Mvc.ModelBinding.Binders.EnumTypeModelBinderProvider, Microsoft.AspNetCore.Mvc.ModelBinding.Binders.DateTimeModelBinderProvider, Microsoft.AspNetCore.Mvc.ModelBinding.Binders.SimpleTypeModelBinderProvider, Microsoft.AspNetCore.Mvc.ModelBinding.Binders.TryParseModelBinderProvider, Microsoft.AspNetCore.Mvc.ModelBinding.Binders.CancellationTokenModelBinderProvider, Microsoft.AspNetCore.Mvc.ModelBinding.Binders.ByteArrayModelBinderProvider, Microsoft.AspNetCore.Mvc.ModelBinding.Binders.FormFileModelBinderProvider, Microsoft.AspNetCore.Mvc.ModelBinding.Binders.FormCollectionModelBinderProvider, Microsoft.AspNetCore.Mvc.ModelBinding.Binders.KeyValuePairModelBinderProvider, Microsoft.AspNetCore.Mvc.ModelBinding.Binders.DictionaryModelBinderProvider, Microsoft.AspNetCore.Mvc.ModelBinding.Binders.ArrayModelBinderProvider, Microsoft.AspNetCore.Mvc.ModelBinding.Binders.CollectionModelBinderProvider, Microsoft.AspNetCore.Mvc.ModelBinding.Binders.ComplexObjectModelBinderProvider
2024-11-26 08:49:33.8726|DEBUG|Microsoft.Extensions.Hosting.Internal.Host|Hosting starting
2024-11-26 08:49:33.9264|INFO|Microsoft.Hosting.Lifetime|Now listening on: http://localhost:5091
2024-11-26 08:49:33.9289|DEBUG|Microsoft.AspNetCore.Hosting.Diagnostics|Loaded hosting startup assembly ShippingService
2024-11-26 08:49:33.9293|INFO|Microsoft.Hosting.Lifetime|Application started. Press Ctrl+C to shut down.
2024-11-26 08:49:33.9302|INFO|Microsoft.Hosting.Lifetime|Hosting environment: Development
2024-11-26 08:49:33.9302|INFO|Microsoft.Hosting.Lifetime|Content root path: /Users/Mel/4sem/HaaVSoftware/ShippingService
2024-11-26 08:49:33.9302|DEBUG|Microsoft.Extensions.Hosting.Internal.Host|Hosting started
2024-11-26 08:50:40.0635|INFO|Microsoft.Hosting.Lifetime|Application is shutting down...
2024-11-26 08:50:40.0647|DEBUG|Microsoft.Extensions.Hosting.Internal.Host|Hosting stopping
2024-11-26 08:50:40.0786|DEBUG|Microsoft.Extensions.Hosting.Internal.Host|Hosting stopped
2024-11-26 08:50:44.6977|DEBUG|ShippingService.Program|init main
2024-11-26 08:50:44.9798|DEBUG|Microsoft.AspNetCore.Mvc.ModelBinding.ModelBinderFactory|Registered model binder providers, in the following order: Microsoft.AspNetCore.Mvc.ModelBinding.Binders.BinderTypeModelBinderProvider, Microsoft.AspNetCore.Mvc.ModelBinding.Binders.ServicesModelBinderProvider, Microsoft.AspNetCore.Mvc.ModelBinding.Binders.BodyModelBinderProvider, Microsoft.AspNetCore.Mvc.ModelBinding.Binders.HeaderModelBinderProvider, Microsoft.AspNetCore.Mvc.ModelBinding.Binders.FloatingPointTypeModelBinderProvider, Microsoft.AspNetCore.Mvc.ModelBinding.Binders.EnumTypeModelBinderProvider, Microsoft.AspNetCore.Mvc.ModelBinding.Binders.DateTimeModelBinderProvider, Microsoft.AspNetCore.Mvc.ModelBinding.Binders.SimpleTypeModelBinderProvider, Microsoft.AspNetCore.Mvc.ModelBinding.Binders.TryParseModelBinderProvider, Microsoft.AspNetCore.Mvc.ModelBinding.Binders.CancellationTokenModelBinderProvider, Microsoft.AspNetCore.Mvc.ModelBinding.Binders.ByteArrayModelBinderProvider, Microsoft.AspNetCore.Mvc.ModelBinding.Binders.FormFileModelBinderProvider, Microsoft.AspNetCore.Mvc.ModelBinding.Binders.FormCollectionModelBinderProvider, Microsoft.AspNetCore.Mvc.ModelBinding.Binders.KeyValuePairModelBinderProvider, Microsoft.AspNetCore.Mvc.ModelBinding.Binders.DictionaryModelBinderProvider, Microsoft.AspNetCore.Mvc.ModelBinding.Binders.ArrayModelBinderProvider, Microsoft.AspNetCore.Mvc.ModelBinding.Binders.CollectionModelBinderProvider, Microsoft.AspNetCore.Mvc.ModelBinding.Binders.ComplexObjectModelBinderProvider
2024-11-26 08:50:45.0170|DEBUG|Microsoft.Extensions.Hosting.Internal.Host|Hosting starting
2024-11-26 08:50:45.0648|INFO|Microsoft.Hosting.Lifetime|Now listening on: http://localhost:5091
2024-11-26 08:50:45.0672|DEBUG|Microsoft.AspNetCore.Hosting.Diagnostics|Loaded hosting startup assembly ShippingService
2024-11-26 08:50:45.0677|INFO|Microsoft.Hosting.Lifetime|Application started. Press Ctrl+C to shut down.
2024-11-26 08:50:45.0686|INFO|Microsoft.Hosting.Lifetime|Hosting environment: Development
2024-11-26 08:50:45.0686|INFO|Microsoft.Hosting.Lifetime|Content root path: /Users/Mel/4sem/HaaVSoftware/ShippingService
2024-11-26 08:50:45.0686|DEBUG|Microsoft.Extensions.Hosting.Internal.Host|Hosting started
2024-11-26 08:55:15.0065|DEBUG|Microsoft.AspNetCore.Server.Kestrel.Transport.Sockets|Connection id "0HN8DTUKPDGLR" received FIN.
2024-11-26 08:55:15.0135|DEBUG|Microsoft.AspNetCore.Server.Kestrel.Connections|Connection id "0HN8DTUKPDGLR" accepted.
2024-11-26 08:55:15.0143|DEBUG|Microsoft.AspNetCore.Server.Kestrel.Connections|Connection id "0HN8DTUKPDGLR" started.
2024-11-26 08:55:15.0162|DEBUG|Microsoft.AspNetCore.Server.Kestrel.Connections|Connection id "0HN8DTUKPDGLS" accepted.
2024-11-26 08:55:15.0162|DEBUG|Microsoft.AspNetCore.Server.Kestrel.Connections|Connection id "0HN8DTUKPDGLS" started.
2024-11-26 08:55:15.0326|DEBUG|Microsoft.AspNetCore.Server.Kestrel.Transport.Sockets|Connection id "0HN8DTUKPDGLR" sending FIN because: "The Socket transport's send loop completed gracefully."
2024-11-26 08:55:15.0336|DEBUG|Microsoft.AspNetCore.Server.Kestrel.Connections|Connection id "0HN8DTUKPDGLR" disconnecting.
2024-11-26 08:55:15.0347|DEBUG|Microsoft.AspNetCore.Server.Kestrel.Connections|Connection id "0HN8DTUKPDGLR" stopped.
2024-11-26 08:55:15.0749|INFO|Microsoft.AspNetCore.Hosting.Diagnostics|Request starting HTTP/1.1 POST http://localhost:5091/api/forsendelse/anmodning - application/json 134
2024-11-26 08:55:15.0779|DEBUG|Microsoft.AspNetCore.HostFiltering.HostFilteringMiddleware|Wildcard detected, all requests with hosts will be allowed.
2024-11-26 08:55:15.1085|DEBUG|Microsoft.AspNetCore.Routing.Matching.DfaMatcher|1 candidate(s) found for the request path '/api/forsendelse/anmodning'
2024-11-26 08:55:15.1123|DEBUG|Microsoft.AspNetCore.Routing.Matching.DfaMatcher|Endpoint 'ShippingService.Controllers.ShippingController.OpretForsendelse (ShippingService)' with route pattern 'api/forsendelse/anmodning' is valid for the request path '/api/forsendelse/anmodning'
2024-11-26 08:55:15.1136|DEBUG|Microsoft.AspNetCore.Routing.EndpointRoutingMiddleware|Request matched endpoint 'ShippingService.Controllers.ShippingController.OpretForsendelse (ShippingService)'
2024-11-26 08:55:15.1572|DEBUG|Microsoft.AspNetCore.StaticFiles.StaticFileMiddleware|Static files was skipped as the request already matched an endpoint.
2024-11-26 08:55:15.1583|WARN|Microsoft.AspNetCore.HttpsPolicy.HttpsRedirectionMiddleware|Failed to determine the https port for redirect.
2024-11-26 08:55:15.1611|INFO|Microsoft.AspNetCore.Routing.EndpointMiddleware|Executing endpoint 'ShippingService.Controllers.ShippingController.OpretForsendelse (ShippingService)'
2024-11-26 08:55:15.2034|INFO|Microsoft.AspNetCore.Mvc.Infrastructure.ControllerActionInvoker|Route matched with {action = "OpretForsendelse", controller = "Shipping"}. Executing controller action with signature System.Threading.Tasks.Task`1[Microsoft.AspNetCore.Mvc.IActionResult] OpretForsendelse(ShippingService.Models.ShippingRequest) on controller ShippingService.Controllers.ShippingController (ShippingService).
2024-11-26 08:55:15.2053|DEBUG|Microsoft.AspNetCore.Mvc.Infrastructure.ControllerActionInvoker|Execution plan of authorization filters (in the following order): None
2024-11-26 08:55:15.2053|DEBUG|Microsoft.AspNetCore.Mvc.Infrastructure.ControllerActionInvoker|Execution plan of resource filters (in the following order): None
2024-11-26 08:55:15.2064|DEBUG|Microsoft.AspNetCore.Mvc.Infrastructure.ControllerActionInvoker|Execution plan of action filters (in the following order): Microsoft.AspNetCore.Mvc.ModelBinding.UnsupportedContentTypeFilter (Order: -3000), Microsoft.AspNetCore.Mvc.Infrastructure.ModelStateInvalidFilter (Order: -2000)
2024-11-26 08:55:15.2064|DEBUG|Microsoft.AspNetCore.Mvc.Infrastructure.ControllerActionInvoker|Execution plan of exception filters (in the following order): None
2024-11-26 08:55:15.2064|DEBUG|Microsoft.AspNetCore.Mvc.Infrastructure.ControllerActionInvoker|Execution plan of result filters (in the following order): Microsoft.AspNetCore.Mvc.Infrastructure.ClientErrorResultFilter (Order: -2000)
2024-11-26 08:55:15.2088|DEBUG|Microsoft.AspNetCore.Mvc.Infrastructure.ControllerActionInvoker|Executing controller factory for controller ShippingService.Controllers.ShippingController (ShippingService)
2024-11-26 08:55:15.2570|INFO|ShippingService.Controllers.ShippingController|XYZ Service responding from 0.0.0.1
2024-11-26 08:55:15.2570|DEBUG|Microsoft.AspNetCore.Mvc.Infrastructure.ControllerActionInvoker|Executed controller factory for controller ShippingService.Controllers.ShippingController (ShippingService)
2024-11-26 08:55:15.2744|DEBUG|Microsoft.AspNetCore.Mvc.ModelBinding.ParameterBinder|Attempting to bind parameter 'anmodning' of type 'ShippingService.Models.ShippingRequest' ...
2024-11-26 08:55:15.2763|DEBUG|Microsoft.AspNetCore.Mvc.ModelBinding.Binders.BodyModelBinder|Attempting to bind parameter 'anmodning' of type 'ShippingService.Models.ShippingRequest' using the name '' in request data ...
2024-11-26 08:55:15.2777|DEBUG|Microsoft.AspNetCore.Mvc.ModelBinding.Binders.BodyModelBinder|Selected input formatter 'Microsoft.AspNetCore.Mvc.Formatters.SystemTextJsonInputFormatter' for content type 'application/json'.
2024-11-26 08:55:15.2899|DEBUG|Microsoft.AspNetCore.Server.Kestrel|Connection id "0HN8DTUKPDGLS", Request id "0HN8DTUKPDGLS:00000001": started reading request body.
2024-11-26 08:55:15.2899|DEBUG|Microsoft.AspNetCore.Server.Kestrel|Connection id "0HN8DTUKPDGLS", Request id "0HN8DTUKPDGLS:00000001": done reading request body.
2024-11-26 08:55:15.2954|DEBUG|Microsoft.AspNetCore.Mvc.Formatters.SystemTextJsonInputFormatter|JSON input formatter succeeded, deserializing to type 'ShippingService.Models.ShippingRequest'
2024-11-26 08:55:15.2954|DEBUG|Microsoft.AspNetCore.Mvc.ModelBinding.Binders.BodyModelBinder|Done attempting to bind parameter 'anmodning' of type 'ShippingService.Models.ShippingRequest'.
2024-11-26 08:55:15.2958|DEBUG|Microsoft.AspNetCore.Mvc.ModelBinding.ParameterBinder|Done attempting to bind parameter 'anmodning' of type 'ShippingService.Models.ShippingRequest'.
2024-11-26 08:55:15.2958|DEBUG|Microsoft.AspNetCore.Mvc.ModelBinding.ParameterBinder|Attempting to validate the bound parameter 'anmodning' of type 'ShippingService.Models.ShippingRequest' ...
2024-11-26 08:55:15.3049|DEBUG|Microsoft.AspNetCore.Mvc.ModelBinding.ParameterBinder|Done attempting to validate the bound parameter 'anmodning' of type 'ShippingService.Models.ShippingRequest'.
2024-11-26 08:55:15.3073|INFO|ShippingService.Controllers.ShippingController|Opretter forsendelse for MedlemsNavn: Hans, PakkeId: 2
2024-11-26 08:55:15.3636|ERROR|ShippingService.Controllers.ShippingController|Fejl ved oprettelse af RabbitMQ-forbindelse eller publicering af besked.|RabbitMQ.Client.Exceptions.BrokerUnreachableException: None of the specified endpoints were reachable
 ---> System.AggregateException: One or more errors occurred. (Connection failed)
 ---> RabbitMQ.Client.Exceptions.ConnectFailureException: Connection failed
 ---> System.Net.Sockets.SocketException (00000005, 0xFFFDFFFF): nodename nor servname provided, or not known
   at System.Net.Dns.GetHostEntryOrAddressesCore(String hostName, Boolean justAddresses, AddressFamily addressFamily, Nullable`1 startingTimestamp)
   at System.Net.Dns.<>c.<GetHostEntryOrAddressesCoreAsync>b__33_0(Object s, Int64 startingTimestamp)
   at System.Net.Dns.<>c__DisplayClass39_0`1.<RunAsync>b__0(Task <p0>, Object <p1>)
   at System.Threading.Tasks.ContinuationResultTaskFromTask`1.InnerInvoke()
   at System.Threading.ExecutionContext.RunFromThreadPoolDispatchLoop(Thread threadPoolThread, ExecutionContext executionContext, ContextCallback callback, Object state)
--- End of stack trace from previous location ---
   at System.Threading.ExecutionContext.RunFromThreadPoolDispatchLoop(Thread threadPoolThread, ExecutionContext executionContext, ContextCallback callback, Object state)
   at System.Threading.Tasks.Task.ExecuteWithThreadLocal(Task& currentTaskSlot, Thread threadPoolThread)
--- End of stack trace from previous location ---
   at RabbitMQ.Client.TcpClientAdapter.ConnectAsync(String host, Int32 port)
   at RabbitMQ.Client.Impl.TaskExtensions.TimeoutAfter(Task task, TimeSpan timeout)
   at RabbitMQ.Client.Impl.SocketFrameHandler.ConnectOrFail(ITcpClient socket, AmqpTcpEndpoint endpoint, TimeSpan timeout)
   --- End of inner exception stack trace ---
   at RabbitMQ.Client.Impl.SocketFrameHandler.ConnectOrFail(ITcpClient socket, AmqpTcpEndpoint endpoint, TimeSpan timeout)
   at RabbitMQ.Client.Impl.SocketFrameHandler.ConnectUsingAddressFamily(AmqpTcpEndpoint endpoint, Func`2 socketFactory, TimeSpan timeout, AddressFamily family)
   at RabbitMQ.Client.Impl.SocketFrameHandler.ConnectUsingIPv4(AmqpTcpEndpoint endpoint, Func`2 socketFactory, TimeSpan timeout)
   at RabbitMQ.Client.Impl.SocketFrameHandler..ctor(AmqpTcpEndpoint endpoint, Func`2 socketFactory, TimeSpan connectionTimeout, TimeSpan readTimeout, TimeSpan writeTimeout)
   at RabbitMQ.Client.Framing.Impl.IProtocolExtensions.CreateFrameHandler(IProtocol protocol, AmqpTcpEndpoint endpoint, ArrayPool`1 pool, Func`2 socketFactory, TimeSpan connectionTimeout, TimeSpan readTimeout, TimeSpan writeTimeout)
   at RabbitMQ.Client.ConnectionFactory.CreateFrameHandler(AmqpTcpEndpoint endpoint)
   at RabbitMQ.Client.EndpointResolverExtensions.SelectOne[T](IEndpointResolver resolver, Func`2 selector)
   --- End of inner exception stack trace ---
   at RabbitMQ.Client.EndpointResolverExtensions.SelectOne[T](IEndpointResolver resolver, Func`2 selector)
   at RabbitMQ.Client.Framing.Impl.AutorecoveringConnection.Init(IEndpointResolver endpoints)
   at RabbitMQ.Client.ConnectionFactory.CreateConnection(IEndpointResolver endpointResolver, String clientProvidedName)
   --- End of inner exception stack trace ---
   at RabbitMQ.Client.ConnectionFactory.CreateConnection(IEndpointResolver endpointResolver, String clientProvidedName)
   at RabbitMQ.Client.ConnectionFactory.CreateConnection(String clientProvidedName)
   at RabbitMQ.Client.ConnectionFactory.CreateConnection()
   at ShippingService.Controllers.ShippingController.PublishToRabbitMQ(ShipmentDelivery shipment) in /Users/Mel/4sem/HaaVSoftware/ShippingService/Controllers/ShippingServiceController.cs:line 75
2024-11-26 08:55:15.3822|ERROR|ShippingService.Controllers.ShippingController|Fejl ved publicering af ShipmentDelivery til RabbitMQ.|RabbitMQ.Client.Exceptions.BrokerUnreachableException: None of the specified endpoints were reachable
 ---> System.AggregateException: One or more errors occurred. (Connection failed)
 ---> RabbitMQ.Client.Exceptions.ConnectFailureException: Connection failed
 ---> System.Net.Sockets.SocketException (00000005, 0xFFFDFFFF): nodename nor servname provided, or not known
   at System.Net.Dns.GetHostEntryOrAddressesCore(String hostName, Boolean justAddresses, AddressFamily addressFamily, Nullable`1 startingTimestamp)
   at System.Net.Dns.<>c.<GetHostEntryOrAddressesCoreAsync>b__33_0(Object s, Int64 startingTimestamp)
   at System.Net.Dns.<>c__DisplayClass39_0`1.<RunAsync>b__0(Task <p0>, Object <p1>)
   at System.Threading.Tasks.ContinuationResultTaskFromTask`1.InnerInvoke()
   at System.Threading.ExecutionContext.RunFromThreadPoolDispatchLoop(Thread threadPoolThread, ExecutionContext executionContext, ContextCallback callback, Object state)
--- End of stack trace from previous location ---
   at System.Threading.ExecutionContext.RunFromThreadPoolDispatchLoop(Thread threadPoolThread, ExecutionContext executionContext, ContextCallback callback, Object state)
   at System.Threading.Tasks.Task.ExecuteWithThreadLocal(Task& currentTaskSlot, Thread threadPoolThread)
--- End of stack trace from previous location ---
   at RabbitMQ.Client.TcpClientAdapter.ConnectAsync(String host, Int32 port)
   at RabbitMQ.Client.Impl.TaskExtensions.TimeoutAfter(Task task, TimeSpan timeout)
   at RabbitMQ.Client.Impl.SocketFrameHandler.ConnectOrFail(ITcpClient socket, AmqpTcpEndpoint endpoint, TimeSpan timeout)
   --- End of inner exception stack trace ---
   at RabbitMQ.Client.Impl.SocketFrameHandler.ConnectOrFail(ITcpClient socket, AmqpTcpEndpoint endpoint, TimeSpan timeout)
   at RabbitMQ.Client.Impl.SocketFrameHandler.ConnectUsingAddressFamily(AmqpTcpEndpoint endpoint, Func`2 socketFactory, TimeSpan timeout, AddressFamily family)
   at RabbitMQ.Client.Impl.SocketFrameHandler.ConnectUsingIPv4(AmqpTcpEndpoint endpoint, Func`2 socketFactory, TimeSpan timeout)
   at RabbitMQ.Client.Impl.SocketFrameHandler..ctor(AmqpTcpEndpoint endpoint, Func`2 socketFactory, TimeSpan connectionTimeout, TimeSpan readTimeout, TimeSpan writeTimeout)
   at RabbitMQ.Client.Framing.Impl.IProtocolExtensions.CreateFrameHandler(IProtocol protocol, AmqpTcpEndpoint endpoint, ArrayPool`1 pool, Func`2 socketFactory, TimeSpan connectionTimeout, TimeSpan readTimeout, TimeSpan writeTimeout)
   at RabbitMQ.Client.ConnectionFactory.CreateFrameHandler(AmqpTcpEndpoint endpoint)
   at RabbitMQ.Client.EndpointResolverExtensions.SelectOne[T](IEndpointResolver resolver, Func`2 selector)
   --- End of inner exception stack trace ---
   at RabbitMQ.Client.EndpointResolverExtensions.SelectOne[T](IEndpointResolver resolver, Func`2 selector)
   at RabbitMQ.Client.Framing.Impl.AutorecoveringConnection.Init(IEndpointResolver endpoints)
   at RabbitMQ.Client.ConnectionFactory.CreateConnection(IEndpointResolver endpointResolver, String clientProvidedName)
   --- End of inner exception stack trace ---
   at RabbitMQ.Client.ConnectionFactory.CreateConnection(IEndpointResolver endpointResolver, String clientProvidedName)
   at RabbitMQ.Client.ConnectionFactory.CreateConnection(String clientProvidedName)
   at RabbitMQ.Client.ConnectionFactory.CreateConnection()
   at ShippingService.Controllers.ShippingController.PublishToRabbitMQ(ShipmentDelivery shipment) in /Users/Mel/4sem/HaaVSoftware/ShippingService/Controllers/ShippingServiceController.cs:line 75
   at ShippingService.Controllers.ShippingController.OpretForsendelse(ShippingRequest anmodning) in /Users/Mel/4sem/HaaVSoftware/ShippingService/Controllers/ShippingServiceController.cs:line 57
2024-11-26 08:55:15.3852|DEBUG|Microsoft.AspNetCore.Mvc.Infrastructure.DefaultOutputFormatterSelector|List of registered output formatters, in the following order: Microsoft.AspNetCore.Mvc.Formatters.HttpNoContentOutputFormatter, Microsoft.AspNetCore.Mvc.Formatters.StringOutputFormatter, Microsoft.AspNetCore.Mvc.Formatters.StreamOutputFormatter, Microsoft.AspNetCore.Mvc.Formatters.SystemTextJsonOutputFormatter
2024-11-26 08:55:15.3865|DEBUG|Microsoft.AspNetCore.Mvc.Infrastructure.DefaultOutputFormatterSelector|No information found on request to perform content negotiation.
2024-11-26 08:55:15.3865|DEBUG|Microsoft.AspNetCore.Mvc.Infrastructure.DefaultOutputFormatterSelector|Attempting to select an output formatter without using a content type as no explicit content types were specified for the response.
2024-11-26 08:55:15.3865|DEBUG|Microsoft.AspNetCore.Mvc.Infrastructure.DefaultOutputFormatterSelector|Attempting to select the first formatter in the output formatters list which can write the result.
2024-11-26 08:55:15.3875|DEBUG|Microsoft.AspNetCore.Mvc.Infrastructure.DefaultOutputFormatterSelector|Selected output formatter 'Microsoft.AspNetCore.Mvc.Formatters.StringOutputFormatter' and content type 'text/plain' to write the response.
2024-11-26 08:55:15.3884|INFO|Microsoft.AspNetCore.Mvc.Infrastructure.ObjectResultExecutor|Executing ObjectResult, writing value of type 'System.String'.
2024-11-26 08:55:15.4020|INFO|Microsoft.AspNetCore.Mvc.Infrastructure.ControllerActionInvoker|Executed action ShippingService.Controllers.ShippingController.OpretForsendelse (ShippingService) in 184.9131ms
2024-11-26 08:55:15.4020|INFO|Microsoft.AspNetCore.Routing.EndpointMiddleware|Executed endpoint 'ShippingService.Controllers.ShippingController.OpretForsendelse (ShippingService)'
2024-11-26 08:55:15.4020|DEBUG|Microsoft.AspNetCore.Server.Kestrel.Connections|Connection id "0HN8DTUKPDGLS" completed keep alive response.
2024-11-26 08:55:15.4040|INFO|Microsoft.AspNetCore.Hosting.Diagnostics|Request finished HTTP/1.1 POST http://localhost:5091/api/forsendelse/anmodning - 500 - text/plain;+charset=utf-8 331.3911ms
2024-11-26 08:57:26.2542|DEBUG|Microsoft.AspNetCore.Server.Kestrel.Connections|Connection id "0HN8DTUKPDGLS" disconnecting.
2024-11-26 08:57:26.2579|DEBUG|Microsoft.AspNetCore.Server.Kestrel.Connections|Connection id "0HN8DTUKPDGLS" stopped.
2024-11-26 08:57:26.2583|DEBUG|Microsoft.AspNetCore.Server.Kestrel.Transport.Sockets|Connection id "0HN8DTUKPDGLS" sending FIN because: "The Socket transport's send loop completed gracefully."
2024-11-26 08:58:04.9491|INFO|Microsoft.Hosting.Lifetime|Application is shutting down...
2024-11-26 08:58:04.9500|DEBUG|Microsoft.Extensions.Hosting.Internal.Host|Hosting stopping
2024-11-26 08:58:04.9624|DEBUG|Microsoft.Extensions.Hosting.Internal.Host|Hosting stopped
2024-11-26 08:58:09.7192|DEBUG|ShippingService.Program|init main
2024-11-26 08:58:10.0036|DEBUG|Microsoft.AspNetCore.Mvc.ModelBinding.ModelBinderFactory|Registered model binder providers, in the following order: Microsoft.AspNetCore.Mvc.ModelBinding.Binders.BinderTypeModelBinderProvider, Microsoft.AspNetCore.Mvc.ModelBinding.Binders.ServicesModelBinderProvider, Microsoft.AspNetCore.Mvc.ModelBinding.Binders.BodyModelBinderProvider, Microsoft.AspNetCore.Mvc.ModelBinding.Binders.HeaderModelBinderProvider, Microsoft.AspNetCore.Mvc.ModelBinding.Binders.FloatingPointTypeModelBinderProvider, Microsoft.AspNetCore.Mvc.ModelBinding.Binders.EnumTypeModelBinderProvider, Microsoft.AspNetCore.Mvc.ModelBinding.Binders.DateTimeModelBinderProvider, Microsoft.AspNetCore.Mvc.ModelBinding.Binders.SimpleTypeModelBinderProvider, Microsoft.AspNetCore.Mvc.ModelBinding.Binders.TryParseModelBinderProvider, Microsoft.AspNetCore.Mvc.ModelBinding.Binders.CancellationTokenModelBinderProvider, Microsoft.AspNetCore.Mvc.ModelBinding.Binders.ByteArrayModelBinderProvider, Microsoft.AspNetCore.Mvc.ModelBinding.Binders.FormFileModelBinderProvider, Microsoft.AspNetCore.Mvc.ModelBinding.Binders.FormCollectionModelBinderProvider, Microsoft.AspNetCore.Mvc.ModelBinding.Binders.KeyValuePairModelBinderProvider, Microsoft.AspNetCore.Mvc.ModelBinding.Binders.DictionaryModelBinderProvider, Microsoft.AspNetCore.Mvc.ModelBinding.Binders.ArrayModelBinderProvider, Microsoft.AspNetCore.Mvc.ModelBinding.Binders.CollectionModelBinderProvider, Microsoft.AspNetCore.Mvc.ModelBinding.Binders.ComplexObjectModelBinderProvider
2024-11-26 08:58:10.0389|DEBUG|Microsoft.Extensions.Hosting.Internal.Host|Hosting starting
2024-11-26 08:58:10.0875|INFO|Microsoft.Hosting.Lifetime|Now listening on: http://localhost:5091
2024-11-26 08:58:10.0899|DEBUG|Microsoft.AspNetCore.Hosting.Diagnostics|Loaded hosting startup assembly ShippingService
2024-11-26 08:58:10.0904|INFO|Microsoft.Hosting.Lifetime|Application started. Press Ctrl+C to shut down.
2024-11-26 08:58:10.0913|INFO|Microsoft.Hosting.Lifetime|Hosting environment: Development
2024-11-26 08:58:10.0913|INFO|Microsoft.Hosting.Lifetime|Content root path: /Users/Mel/4sem/HaaVSoftware/ShippingService
2024-11-26 08:58:10.0913|DEBUG|Microsoft.Extensions.Hosting.Internal.Host|Hosting started
